<?xml version="1.0" encoding="UTF-8"?>
<!-- Generated by org.testng.reporters.JUnitReportReporter -->
<testsuite hostname="DESKTOP-GAEG9SK" name="sanityTestMain_IN.CreateRequest_IN" tests="11" failures="0" timestamp="16 Jul 2020 06:46:14 GMT" time="198.371" errors="0">
  <testcase name="skill_Req" time="2.979" classname="sanityTestMain_IN.CreateRequest_IN"/>
  <testcase name="select_jrss" time="6.245" classname="sanityTestMain_IN.CreateRequest_IN"/>
  <testcase name="skill_price" time="6.343" classname="sanityTestMain_IN.CreateRequest_IN"/>
  <testcase name="skill_loc" time="21.371" classname="sanityTestMain_IN.CreateRequest_IN"/>
  <testcase name="select_Req" time="19.948" classname="sanityTestMain_IN.CreateRequest_IN"/>
  <testcase name="RIPC_Login" time="18.329" classname="sanityTestMain_IN.CreateRequest_IN"/>
  <testcase name="supp" time="34.563" classname="sanityTestMain_IN.CreateRequest_IN"/>
  <testcase name="Create_Req" time="26.125" classname="sanityTestMain_IN.CreateRequest_IN"/>
  <testcase name="alert_check" time="0.018" classname="sanityTestMain_IN.CreateRequest_IN"/>
  <testcase name="req_detail" time="33.778" classname="sanityTestMain_IN.CreateRequest_IN"/>
  <testcase name="submitRequest" time="28.672" classname="sanityTestMain_IN.CreateRequest_IN"/>
</testsuite> <!-- sanityTestMain_IN.CreateRequest_IN -->
