<?xml version="1.0" encoding="UTF-8"?>
<!-- Generated by org.testng.reporters.JUnitReportReporter -->
<testsuite hostname="DESKTOP-GAEG9SK" name="sanityTestMain_GB.CreateRequest_GB" tests="11" failures="0" timestamp="16 Jul 2020 06:46:14 GMT" time="180.063" errors="0">
  <testcase name="RIPC_Login" time="17.375" classname="sanityTestMain_GB.CreateRequest_GB"/>
  <testcase name="req_detail" time="22.871" classname="sanityTestMain_GB.CreateRequest_GB"/>
  <testcase name="skill_loc" time="16.584" classname="sanityTestMain_GB.CreateRequest_GB"/>
  <testcase name="select_Req" time="5.713" classname="sanityTestMain_GB.CreateRequest_GB"/>
  <testcase name="skill_price" time="11.035" classname="sanityTestMain_GB.CreateRequest_GB"/>
  <testcase name="select_jrss" time="17.028" classname="sanityTestMain_GB.CreateRequest_GB"/>
  <testcase name="submitRequest" time="25.062" classname="sanityTestMain_GB.CreateRequest_GB"/>
  <testcase name="Create_Req" time="30.805" classname="sanityTestMain_GB.CreateRequest_GB"/>
  <testcase name="skill_Req" time="5.257" classname="sanityTestMain_GB.CreateRequest_GB"/>
  <testcase name="alert_check" time="0.011" classname="sanityTestMain_GB.CreateRequest_GB"/>
  <testcase name="supp" time="28.322" classname="sanityTestMain_GB.CreateRequest_GB"/>
</testsuite> <!-- sanityTestMain_GB.CreateRequest_GB -->
